<?xml version="1.0" encoding="UTF-8"?>
<TestRun id="a9f9c6db-2e0e-4dee-91dc-9119a5e8afda" name="Amit@AMIT-PC 2013-03-26 12:22:27" runUser="Amit-PC\Amit" xmlns="http://microsoft.com/schemas/VisualStudio/TeamTest/2010">
  <TestSettings name="Local" id="5e58d72d-6299-4343-89b6-48b4a2e77302">
    <Description>These are default test settings for a local test run.</Description>
    <Deployment enabled="false" runDeploymentRoot="Amit_AMIT-PC 2013-03-26 12_22_27">
      <DeploymentItem filename="C:\Users\Amit\Documents\Visual Studio 2010\Projects\ClassLibrary6\ClassLibrary6\ClassLibrary6\bin\Debug\ClassLibrary6.dll" />
    </Deployment>
    <Execution>
      <TestTypeSpecific />
      <AgentRule name="Execution Agents">
      </AgentRule>
    </Execution>
  </TestSettings>
  <Times creation="2013-03-26T12:22:27.7577305+05:30" queuing="2013-03-26T12:22:29.0178025+05:30" start="2013-03-26T12:22:29.0378037+05:30" finish="2013-03-26T12:22:30.0578620+05:30" />
  <ResultSummary outcome="Completed">
    <Counters total="1" executed="1" passed="1" error="0" failed="0" timeout="0" aborted="0" inconclusive="0" passedButRunAborted="0" notRunnable="0" notExecuted="0" disconnected="0" warning="0" completed="0" inProgress="0" pending="0" />
  </ResultSummary>
  <TestDefinitions>
    <UnitTest name="CreateObject" storage="c:\users\amit\documents\visual studio 2010\projects\classlibrary6\classlibrary6\testproject1\bin\debug\testproject1.dll" id="3f504c94-deb5-72ed-1cb7-bf517a4658c0">
      <Execution id="fd2c7e12-97dc-40c2-8c09-487b00f28711" />
      <TestMethod codeBase="C:/Users/Amit/Documents/Visual Studio 2010/Projects/ClassLibrary6/ClassLibrary6/TestProject1/bin/Debug/TestProject1.DLL" adapterTypeName="Microsoft.VisualStudio.TestTools.TestTypes.Unit.UnitTestAdapter, Microsoft.VisualStudio.QualityTools.Tips.UnitTest.Adapter, Version=10.0.0.0, Culture=neutral, PublicKeyToken=b03f5f7f11d50a3a" className="TestProject1.UnitTest1, TestProject1, Version=1.0.0.0, Culture=neutral, PublicKeyToken=null" name="CreateObject" />
    </UnitTest>
  </TestDefinitions>
  <TestLists>
    <TestList name="Results Not in a List" id="8c84fa94-04c1-424b-9868-57a2d4851a1d" />
    <TestList name="All Loaded Results" id="19431567-8539-422a-85d7-44ee4e166bda" />
  </TestLists>
  <TestEntries>
    <TestEntry testId="3f504c94-deb5-72ed-1cb7-bf517a4658c0" executionId="fd2c7e12-97dc-40c2-8c09-487b00f28711" testListId="8c84fa94-04c1-424b-9868-57a2d4851a1d" />
  </TestEntries>
  <Results>
    <UnitTestResult executionId="fd2c7e12-97dc-40c2-8c09-487b00f28711" testId="3f504c94-deb5-72ed-1cb7-bf517a4658c0" testName="CreateObject" computerName="AMIT-PC" duration="00:00:00.0244891" startTime="2013-03-26T12:22:29.0528045+05:30" endTime="2013-03-26T12:22:29.7238429+05:30" testType="13cdc9d9-ddb5-4fa4-a97d-d965ccfc6d4b" outcome="Passed" testListId="8c84fa94-04c1-424b-9868-57a2d4851a1d" relativeResultsDirectory="fd2c7e12-97dc-40c2-8c09-487b00f28711">
    </UnitTestResult>
  </Results>
</TestRun>