<?xml version="1.0" encoding="UTF-8"?>
<TestRun id="8c0e1176-654e-4d55-baa4-b8720c29b071" name="Amit@AMIT-PC 2013-03-25 23:18:24" runUser="Amit-PC\Amit" xmlns="http://microsoft.com/schemas/VisualStudio/TeamTest/2010">
  <TestSettings name="Local" id="5e58d72d-6299-4343-89b6-48b4a2e77302">
    <Description>These are default test settings for a local test run.</Description>
    <Deployment enabled="false" runDeploymentRoot="Amit_AMIT-PC 2013-03-25 23_18_24">
      <DeploymentItem filename="C:\Users\Amit\Documents\Visual Studio 2010\Projects\ClassLibrary6\ClassLibrary6\ClassLibrary6\bin\Debug\ClassLibrary6.dll" />
    </Deployment>
    <Execution>
      <TestTypeSpecific />
      <AgentRule name="Execution Agents">
      </AgentRule>
    </Execution>
  </TestSettings>
  <Times creation="2013-03-25T23:18:24.7449962+05:30" queuing="2013-03-25T23:18:25.4870386+05:30" start="2013-03-25T23:18:25.4970392+05:30" finish="2013-03-25T23:18:31.9754097+05:30" />
  <ResultSummary outcome="Completed">
    <Counters total="1" executed="1" passed="1" error="0" failed="0" timeout="0" aborted="0" inconclusive="0" passedButRunAborted="0" notRunnable="0" notExecuted="0" disconnected="0" warning="0" completed="0" inProgress="0" pending="0" />
  </ResultSummary>
  <TestDefinitions>
    <UnitTest name="DeleteContainer" storage="c:\users\amit\documents\visual studio 2010\projects\classlibrary6\classlibrary6\testproject1\bin\debug\testproject1.dll" id="1470b5ab-dcd9-55ba-0276-09be12380f9d">
      <Execution id="d2dc8018-9d78-4af8-bcec-e0b9a8bc2bff" />
      <TestMethod codeBase="C:/Users/Amit/Documents/Visual Studio 2010/Projects/ClassLibrary6/ClassLibrary6/TestProject1/bin/Debug/TestProject1.DLL" adapterTypeName="Microsoft.VisualStudio.TestTools.TestTypes.Unit.UnitTestAdapter, Microsoft.VisualStudio.QualityTools.Tips.UnitTest.Adapter, Version=10.0.0.0, Culture=neutral, PublicKeyToken=b03f5f7f11d50a3a" className="TestProject1.UnitTest1, TestProject1, Version=1.0.0.0, Culture=neutral, PublicKeyToken=null" name="DeleteContainer" />
    </UnitTest>
  </TestDefinitions>
  <TestLists>
    <TestList name="Results Not in a List" id="8c84fa94-04c1-424b-9868-57a2d4851a1d" />
    <TestList name="All Loaded Results" id="19431567-8539-422a-85d7-44ee4e166bda" />
  </TestLists>
  <TestEntries>
    <TestEntry testId="1470b5ab-dcd9-55ba-0276-09be12380f9d" executionId="d2dc8018-9d78-4af8-bcec-e0b9a8bc2bff" testListId="8c84fa94-04c1-424b-9868-57a2d4851a1d" />
  </TestEntries>
  <Results>
    <UnitTestResult executionId="d2dc8018-9d78-4af8-bcec-e0b9a8bc2bff" testId="1470b5ab-dcd9-55ba-0276-09be12380f9d" testName="DeleteContainer" computerName="AMIT-PC" duration="00:00:06.1403287" startTime="2013-03-25T23:18:25.5080398+05:30" endTime="2013-03-25T23:18:31.9324073+05:30" testType="13cdc9d9-ddb5-4fa4-a97d-d965ccfc6d4b" outcome="Passed" testListId="8c84fa94-04c1-424b-9868-57a2d4851a1d" relativeResultsDirectory="d2dc8018-9d78-4af8-bcec-e0b9a8bc2bff">
    </UnitTestResult>
  </Results>
</TestRun>