<?xml version="1.0" encoding="UTF-8"?>
<TestRun id="060ca2ff-70b4-4825-bcd7-c24a8d8f60e9" name="Amit@AMIT-PC 2013-03-25 23:22:22" runUser="Amit-PC\Amit" xmlns="http://microsoft.com/schemas/VisualStudio/TeamTest/2010">
  <TestSettings name="Local" id="5e58d72d-6299-4343-89b6-48b4a2e77302">
    <Description>These are default test settings for a local test run.</Description>
    <Deployment enabled="false" runDeploymentRoot="Amit_AMIT-PC 2013-03-25 23_22_22">
      <DeploymentItem filename="C:\Users\Amit\Documents\Visual Studio 2010\Projects\ClassLibrary6\ClassLibrary6\ClassLibrary6\bin\Debug\ClassLibrary6.dll" />
    </Deployment>
    <Execution>
      <TestTypeSpecific />
      <AgentRule name="Execution Agents">
      </AgentRule>
    </Execution>
  </TestSettings>
  <Times creation="2013-03-25T23:22:22.1725763+05:30" queuing="2013-03-25T23:22:23.3346427+05:30" start="2013-03-25T23:22:23.3876458+05:30" finish="2013-03-25T23:22:29.7000068+05:30" />
  <ResultSummary outcome="Completed">
    <Counters total="1" executed="1" passed="1" error="0" failed="0" timeout="0" aborted="0" inconclusive="0" passedButRunAborted="0" notRunnable="0" notExecuted="0" disconnected="0" warning="0" completed="0" inProgress="0" pending="0" />
  </ResultSummary>
  <TestDefinitions>
    <UnitTest name="GetContainer" storage="c:\users\amit\documents\visual studio 2010\projects\classlibrary6\classlibrary6\testproject1\bin\debug\testproject1.dll" id="f0a75e08-f6c5-262b-87f0-6c12c9c252a9">
      <Execution id="293f85a6-30ba-4e16-801b-beebfa8487dc" />
      <TestMethod codeBase="C:/Users/Amit/Documents/Visual Studio 2010/Projects/ClassLibrary6/ClassLibrary6/TestProject1/bin/Debug/TestProject1.DLL" adapterTypeName="Microsoft.VisualStudio.TestTools.TestTypes.Unit.UnitTestAdapter, Microsoft.VisualStudio.QualityTools.Tips.UnitTest.Adapter, Version=10.0.0.0, Culture=neutral, PublicKeyToken=b03f5f7f11d50a3a" className="TestProject1.UnitTest1, TestProject1, Version=1.0.0.0, Culture=neutral, PublicKeyToken=null" name="GetContainer" />
    </UnitTest>
  </TestDefinitions>
  <TestLists>
    <TestList name="Results Not in a List" id="8c84fa94-04c1-424b-9868-57a2d4851a1d" />
    <TestList name="All Loaded Results" id="19431567-8539-422a-85d7-44ee4e166bda" />
  </TestLists>
  <TestEntries>
    <TestEntry testId="f0a75e08-f6c5-262b-87f0-6c12c9c252a9" executionId="293f85a6-30ba-4e16-801b-beebfa8487dc" testListId="8c84fa94-04c1-424b-9868-57a2d4851a1d" />
  </TestEntries>
  <Results>
    <UnitTestResult executionId="293f85a6-30ba-4e16-801b-beebfa8487dc" testId="f0a75e08-f6c5-262b-87f0-6c12c9c252a9" testName="GetContainer" computerName="AMIT-PC" duration="00:00:05.8263937" startTime="2013-03-25T23:22:23.4046467+05:30" endTime="2013-03-25T23:22:29.6230024+05:30" testType="13cdc9d9-ddb5-4fa4-a97d-d965ccfc6d4b" outcome="Passed" testListId="8c84fa94-04c1-424b-9868-57a2d4851a1d" relativeResultsDirectory="293f85a6-30ba-4e16-801b-beebfa8487dc">
    </UnitTestResult>
  </Results>
</TestRun>