<?xml version="1.0" encoding="UTF-8"?>
<TestRun id="4079d048-5c69-4b82-bb9a-2e0d4609e9e2" name="Amit@AMIT-PC 2013-03-26 02:11:50" runUser="Amit-PC\Amit" xmlns="http://microsoft.com/schemas/VisualStudio/TeamTest/2010">
  <TestSettings name="Local" id="5e58d72d-6299-4343-89b6-48b4a2e77302">
    <Description>These are default test settings for a local test run.</Description>
    <Deployment enabled="false" runDeploymentRoot="Amit_AMIT-PC 2013-03-26 02_11_50">
      <DeploymentItem filename="C:\Users\Amit\Documents\Visual Studio 2010\Projects\ClassLibrary6\ClassLibrary6\ClassLibrary6\bin\Debug\ClassLibrary6.dll" />
    </Deployment>
    <Execution>
      <TestTypeSpecific />
      <AgentRule name="Execution Agents">
      </AgentRule>
    </Execution>
  </TestSettings>
  <Times creation="2013-03-26T02:11:50.4181667+05:30" queuing="2013-03-26T02:11:52.4932853+05:30" start="2013-03-26T02:11:52.5162867+05:30" finish="2013-03-26T02:11:59.8207044+05:30" />
  <ResultSummary outcome="Completed">
    <Counters total="1" executed="1" passed="1" error="0" failed="0" timeout="0" aborted="0" inconclusive="0" passedButRunAborted="0" notRunnable="0" notExecuted="0" disconnected="0" warning="0" completed="0" inProgress="0" pending="0" />
  </ResultSummary>
  <TestDefinitions>
    <UnitTest name="CreateObject" storage="c:\users\amit\documents\visual studio 2010\projects\classlibrary6\classlibrary6\testproject1\bin\debug\testproject1.dll" id="3f504c94-deb5-72ed-1cb7-bf517a4658c0">
      <Execution id="4e46f99f-810d-4980-a586-40d2d29d9cfc" />
      <TestMethod codeBase="C:/Users/Amit/Documents/Visual Studio 2010/Projects/ClassLibrary6/ClassLibrary6/TestProject1/bin/Debug/TestProject1.DLL" adapterTypeName="Microsoft.VisualStudio.TestTools.TestTypes.Unit.UnitTestAdapter, Microsoft.VisualStudio.QualityTools.Tips.UnitTest.Adapter, Version=10.0.0.0, Culture=neutral, PublicKeyToken=b03f5f7f11d50a3a" className="TestProject1.UnitTest1, TestProject1, Version=1.0.0.0, Culture=neutral, PublicKeyToken=null" name="CreateObject" />
    </UnitTest>
  </TestDefinitions>
  <TestLists>
    <TestList name="Results Not in a List" id="8c84fa94-04c1-424b-9868-57a2d4851a1d" />
    <TestList name="All Loaded Results" id="19431567-8539-422a-85d7-44ee4e166bda" />
  </TestLists>
  <TestEntries>
    <TestEntry testId="3f504c94-deb5-72ed-1cb7-bf517a4658c0" executionId="4e46f99f-810d-4980-a586-40d2d29d9cfc" testListId="8c84fa94-04c1-424b-9868-57a2d4851a1d" />
  </TestEntries>
  <Results>
    <UnitTestResult executionId="4e46f99f-810d-4980-a586-40d2d29d9cfc" testId="3f504c94-deb5-72ed-1cb7-bf517a4658c0" testName="CreateObject" computerName="AMIT-PC" duration="00:00:06.8885701" startTime="2013-03-26T02:11:52.5202869+05:30" endTime="2013-03-26T02:11:59.7477003+05:30" testType="13cdc9d9-ddb5-4fa4-a97d-d965ccfc6d4b" outcome="Passed" testListId="8c84fa94-04c1-424b-9868-57a2d4851a1d" relativeResultsDirectory="4e46f99f-810d-4980-a586-40d2d29d9cfc">
    </UnitTestResult>
  </Results>
</TestRun>