<?xml version="1.0" encoding="UTF-8"?>
<TestRun id="42dbbb0b-a0f2-454e-9484-663b6c3fcbfd" name="sony@SONY-VAIO 2013-04-04 21:00:06" runUser="sony-VAIO\sony" xmlns="http://microsoft.com/schemas/VisualStudio/TeamTest/2010">
  <TestSettings name="Local" id="5e58d72d-6299-4343-89b6-48b4a2e77302">
    <Description>These are default test settings for a local test run.</Description>
    <Deployment enabled="false" runDeploymentRoot="sony_SONY-VAIO 2013-04-04 21_00_06">
      <DeploymentItem filename="F:\ClassLibrary6\ClassLibrary6\ClassLibrary6\bin\Debug\ClassLibrary6.dll" />
    </Deployment>
    <Execution>
      <TestTypeSpecific />
      <AgentRule name="Execution Agents">
      </AgentRule>
    </Execution>
  </TestSettings>
  <Times creation="2013-04-04T21:00:06.1212450+05:30" queuing="2013-04-04T21:00:07.4983238+05:30" start="2013-04-04T21:00:07.5183249+05:30" finish="2013-04-04T21:00:38.4920965+05:30" />
  <ResultSummary outcome="Completed">
    <Counters total="1" executed="1" passed="1" error="0" failed="0" timeout="0" aborted="0" inconclusive="0" passedButRunAborted="0" notRunnable="0" notExecuted="0" disconnected="0" warning="0" completed="0" inProgress="0" pending="0" />
  </ResultSummary>
  <TestDefinitions>
    <UnitTest name="UnSuccessfulAuthorization" storage="f:\classlibrary6\classlibrary6\testproject1\bin\debug\testproject1.dll" id="392e54a7-5c97-a08c-36ba-7ce92c0fa88b">
      <Execution id="f017840c-2199-48e5-b4a1-d89013cc772e" />
      <TestMethod codeBase="F:/ClassLibrary6/ClassLibrary6/TestProject1/bin/Debug/TestProject1.DLL" adapterTypeName="Microsoft.VisualStudio.TestTools.TestTypes.Unit.UnitTestAdapter, Microsoft.VisualStudio.QualityTools.Tips.UnitTest.Adapter, Version=10.0.0.0, Culture=neutral, PublicKeyToken=b03f5f7f11d50a3a" className="TestProject1.UnitTest1, TestProject1, Version=1.0.0.0, Culture=neutral, PublicKeyToken=null" name="UnSuccessfulAuthorization" />
    </UnitTest>
  </TestDefinitions>
  <TestLists>
    <TestList name="Results Not in a List" id="8c84fa94-04c1-424b-9868-57a2d4851a1d" />
    <TestList name="All Loaded Results" id="19431567-8539-422a-85d7-44ee4e166bda" />
  </TestLists>
  <TestEntries>
    <TestEntry testId="392e54a7-5c97-a08c-36ba-7ce92c0fa88b" executionId="f017840c-2199-48e5-b4a1-d89013cc772e" testListId="8c84fa94-04c1-424b-9868-57a2d4851a1d" />
  </TestEntries>
  <Results>
    <UnitTestResult executionId="f017840c-2199-48e5-b4a1-d89013cc772e" testId="392e54a7-5c97-a08c-36ba-7ce92c0fa88b" testName="UnSuccessfulAuthorization" computerName="SONY-VAIO" duration="00:00:30.6628497" startTime="2013-04-04T21:00:07.5223252+05:30" endTime="2013-04-04T21:00:38.4480940+05:30" testType="13cdc9d9-ddb5-4fa4-a97d-d965ccfc6d4b" outcome="Passed" testListId="8c84fa94-04c1-424b-9868-57a2d4851a1d" relativeResultsDirectory="f017840c-2199-48e5-b4a1-d89013cc772e">
    </UnitTestResult>
  </Results>
</TestRun>